03-Sep-2023 15:26:40.291 INFO [main] org.apache.catalina.startup.VersionLoggerListener.log 서버 버전 이름:    Apache Tomcat/9.0.79
03-Sep-2023 15:26:40.297 INFO [main] org.apache.catalina.startup.VersionLoggerListener.log Server 빌드 시각:  Aug 8 2023 20:41:26 UTC
03-Sep-2023 15:26:40.298 INFO [main] org.apache.catalina.startup.VersionLoggerListener.log Server 버전 번호:  9.0.79.0
03-Sep-2023 15:26:40.298 INFO [main] org.apache.catalina.startup.VersionLoggerListener.log 운영체제 이름:     Mac OS X
03-Sep-2023 15:26:40.298 INFO [main] org.apache.catalina.startup.VersionLoggerListener.log 운영체제 버전:     12.3.1
03-Sep-2023 15:26:40.298 INFO [main] org.apache.catalina.startup.VersionLoggerListener.log 아키텍처:          aarch64
03-Sep-2023 15:26:40.298 INFO [main] org.apache.catalina.startup.VersionLoggerListener.log 자바 홈:           /Users/chaebin/Library/Java/JavaVirtualMachines/openjdk-18.0.1.1/Contents/Home
03-Sep-2023 15:26:40.299 INFO [main] org.apache.catalina.startup.VersionLoggerListener.log JVM 버전:          18.0.1.1+2-6
03-Sep-2023 15:26:40.299 INFO [main] org.apache.catalina.startup.VersionLoggerListener.log JVM 벤더:          Oracle Corporation
03-Sep-2023 15:26:40.299 INFO [main] org.apache.catalina.startup.VersionLoggerListener.log CATALINA_BASE:     /Users/chaebin/IdeaProjects/study/Spring-Web/src/tomcat
03-Sep-2023 15:26:40.299 INFO [main] org.apache.catalina.startup.VersionLoggerListener.log CATALINA_HOME:     /Users/chaebin/IdeaProjects/study/Spring-Web/src/tomcat
03-Sep-2023 15:26:40.317 INFO [main] org.apache.catalina.startup.VersionLoggerListener.log 명령 행 아규먼트:  --add-opens=java.base/java.lang=ALL-UNNAMED
03-Sep-2023 15:26:40.317 INFO [main] org.apache.catalina.startup.VersionLoggerListener.log 명령 행 아규먼트:  --add-opens=java.base/java.io=ALL-UNNAMED
03-Sep-2023 15:26:40.317 INFO [main] org.apache.catalina.startup.VersionLoggerListener.log 명령 행 아규먼트:  --add-opens=java.base/java.util=ALL-UNNAMED
03-Sep-2023 15:26:40.317 INFO [main] org.apache.catalina.startup.VersionLoggerListener.log 명령 행 아규먼트:  --add-opens=java.base/java.util.concurrent=ALL-UNNAMED
03-Sep-2023 15:26:40.317 INFO [main] org.apache.catalina.startup.VersionLoggerListener.log 명령 행 아규먼트:  --add-opens=java.rmi/sun.rmi.transport=ALL-UNNAMED
03-Sep-2023 15:26:40.317 INFO [main] org.apache.catalina.startup.VersionLoggerListener.log 명령 행 아규먼트:  -Djava.util.logging.config.file=/Users/chaebin/IdeaProjects/study/Spring-Web/src/tomcat/conf/logging.properties
03-Sep-2023 15:26:40.318 INFO [main] org.apache.catalina.startup.VersionLoggerListener.log 명령 행 아규먼트:  -Djava.util.logging.manager=org.apache.juli.ClassLoaderLogManager
03-Sep-2023 15:26:40.318 INFO [main] org.apache.catalina.startup.VersionLoggerListener.log 명령 행 아규먼트:  -Djdk.tls.ephemeralDHKeySize=2048
03-Sep-2023 15:26:40.318 INFO [main] org.apache.catalina.startup.VersionLoggerListener.log 명령 행 아규먼트:  -Djava.protocol.handler.pkgs=org.apache.catalina.webresources
03-Sep-2023 15:26:40.318 INFO [main] org.apache.catalina.startup.VersionLoggerListener.log 명령 행 아규먼트:  -Dorg.apache.catalina.security.SecurityListener.UMASK=0027
03-Sep-2023 15:26:40.318 INFO [main] org.apache.catalina.startup.VersionLoggerListener.log 명령 행 아규먼트:  -Dignore.endorsed.dirs=
03-Sep-2023 15:26:40.318 INFO [main] org.apache.catalina.startup.VersionLoggerListener.log 명령 행 아규먼트:  -Dcatalina.base=/Users/chaebin/IdeaProjects/study/Spring-Web/src/tomcat
03-Sep-2023 15:26:40.318 INFO [main] org.apache.catalina.startup.VersionLoggerListener.log 명령 행 아규먼트:  -Dcatalina.home=/Users/chaebin/IdeaProjects/study/Spring-Web/src/tomcat
03-Sep-2023 15:26:40.318 INFO [main] org.apache.catalina.startup.VersionLoggerListener.log 명령 행 아규먼트:  -Djava.io.tmpdir=/Users/chaebin/IdeaProjects/study/Spring-Web/src/tomcat/temp
03-Sep-2023 15:26:40.329 INFO [main] org.apache.catalina.core.AprLifecycleListener.lifecycleEvent 프로덕션 환경들에서 최적의 성능을 제공하는, APR 기반 Apache Tomcat Native 라이브러리가, 다음 java.library.path에서 발견되지 않습니다: [/Users/chaebin/Library/Java/Extensions:/Library/Java/Extensions:/Network/Library/Java/Extensions:/System/Library/Java/Extensions:/usr/lib/java:.]
03-Sep-2023 15:26:40.734 INFO [main] org.apache.coyote.AbstractProtocol.init 프로토콜 핸들러 ["http-nio-8080"]을(를) 초기화합니다.
03-Sep-2023 15:26:40.770 INFO [main] org.apache.catalina.startup.Catalina.load [779] 밀리초 내에 서버가 초기화되었습니다.
03-Sep-2023 15:26:40.820 INFO [main] org.apache.catalina.core.StandardService.startInternal 서비스 [Catalina]을(를) 시작합니다.
03-Sep-2023 15:26:40.820 INFO [main] org.apache.catalina.core.StandardEngine.startInternal 서버 엔진을 시작합니다: [Apache Tomcat/9.0.79]
03-Sep-2023 15:26:40.832 INFO [main] org.apache.catalina.startup.HostConfig.deployDirectory 웹 애플리케이션 디렉토리 [/Users/chaebin/IdeaProjects/study/Spring-Web/src/tomcat/webapps/docs]을(를) 배치합니다.
03-Sep-2023 15:26:41.140 INFO [main] org.apache.catalina.startup.HostConfig.deployDirectory 웹 애플리케이션 디렉토리 [/Users/chaebin/IdeaProjects/study/Spring-Web/src/tomcat/webapps/docs]에 대한 배치가 [305] 밀리초에 완료되었습니다.
03-Sep-2023 15:26:41.140 INFO [main] org.apache.catalina.startup.HostConfig.deployDirectory 웹 애플리케이션 디렉토리 [/Users/chaebin/IdeaProjects/study/Spring-Web/src/tomcat/webapps/manager]을(를) 배치합니다.
03-Sep-2023 15:26:41.184 INFO [main] org.apache.catalina.startup.HostConfig.deployDirectory 웹 애플리케이션 디렉토리 [/Users/chaebin/IdeaProjects/study/Spring-Web/src/tomcat/webapps/manager]에 대한 배치가 [44] 밀리초에 완료되었습니다.
03-Sep-2023 15:26:41.185 INFO [main] org.apache.catalina.startup.HostConfig.deployDirectory 웹 애플리케이션 디렉토리 [/Users/chaebin/IdeaProjects/study/Spring-Web/src/tomcat/webapps/examples]을(를) 배치합니다.
03-Sep-2023 15:26:41.434 INFO [main] org.apache.catalina.startup.HostConfig.deployDirectory 웹 애플리케이션 디렉토리 [/Users/chaebin/IdeaProjects/study/Spring-Web/src/tomcat/webapps/examples]에 대한 배치가 [249] 밀리초에 완료되었습니다.
03-Sep-2023 15:26:41.435 INFO [main] org.apache.catalina.startup.HostConfig.deployDirectory 웹 애플리케이션 디렉토리 [/Users/chaebin/IdeaProjects/study/Spring-Web/src/tomcat/webapps/ROOT]을(를) 배치합니다.
03-Sep-2023 15:26:41.453 INFO [main] org.apache.catalina.startup.HostConfig.deployDirectory 웹 애플리케이션 디렉토리 [/Users/chaebin/IdeaProjects/study/Spring-Web/src/tomcat/webapps/ROOT]에 대한 배치가 [18] 밀리초에 완료되었습니다.
03-Sep-2023 15:26:41.453 INFO [main] org.apache.catalina.startup.HostConfig.deployDirectory 웹 애플리케이션 디렉토리 [/Users/chaebin/IdeaProjects/study/Spring-Web/src/tomcat/webapps/host-manager]을(를) 배치합니다.
03-Sep-2023 15:26:41.477 INFO [main] org.apache.catalina.startup.HostConfig.deployDirectory 웹 애플리케이션 디렉토리 [/Users/chaebin/IdeaProjects/study/Spring-Web/src/tomcat/webapps/host-manager]에 대한 배치가 [23] 밀리초에 완료되었습니다.
03-Sep-2023 15:26:41.481 INFO [main] org.apache.coyote.AbstractProtocol.start 프로토콜 핸들러 ["http-nio-8080"]을(를) 시작합니다.
03-Sep-2023 15:26:41.496 INFO [main] org.apache.catalina.startup.Catalina.start 서버가 [724] 밀리초 내에 시작되었습니다.
