07-Sep-2023 01:14:33.750 INFO [main] org.apache.catalina.startup.VersionLoggerListener.log 서버 버전 이름:    Apache Tomcat/9.0.79
07-Sep-2023 01:14:33.753 INFO [main] org.apache.catalina.startup.VersionLoggerListener.log Server 빌드 시각:  Aug 8 2023 20:41:26 UTC
07-Sep-2023 01:14:33.753 INFO [main] org.apache.catalina.startup.VersionLoggerListener.log Server 버전 번호:  9.0.79.0
07-Sep-2023 01:14:33.753 INFO [main] org.apache.catalina.startup.VersionLoggerListener.log 운영체제 이름:     Mac OS X
07-Sep-2023 01:14:33.753 INFO [main] org.apache.catalina.startup.VersionLoggerListener.log 운영체제 버전:     12.3.1
07-Sep-2023 01:14:33.753 INFO [main] org.apache.catalina.startup.VersionLoggerListener.log 아키텍처:          aarch64
07-Sep-2023 01:14:33.753 INFO [main] org.apache.catalina.startup.VersionLoggerListener.log 자바 홈:           /Users/chaebin/Library/Java/JavaVirtualMachines/openjdk-18.0.1.1/Contents/Home
07-Sep-2023 01:14:33.754 INFO [main] org.apache.catalina.startup.VersionLoggerListener.log JVM 버전:          18.0.1.1+2-6
07-Sep-2023 01:14:33.754 INFO [main] org.apache.catalina.startup.VersionLoggerListener.log JVM 벤더:          Oracle Corporation
07-Sep-2023 01:14:33.754 INFO [main] org.apache.catalina.startup.VersionLoggerListener.log CATALINA_BASE:     /Users/chaebin/IdeaProjects/study/Spring-Web/src/tomcat
07-Sep-2023 01:14:33.754 INFO [main] org.apache.catalina.startup.VersionLoggerListener.log CATALINA_HOME:     /Users/chaebin/IdeaProjects/study/Spring-Web/src/tomcat
07-Sep-2023 01:14:33.775 INFO [main] org.apache.catalina.startup.VersionLoggerListener.log 명령 행 아규먼트:  --add-opens=java.base/java.lang=ALL-UNNAMED
07-Sep-2023 01:14:33.775 INFO [main] org.apache.catalina.startup.VersionLoggerListener.log 명령 행 아규먼트:  --add-opens=java.base/java.io=ALL-UNNAMED
07-Sep-2023 01:14:33.775 INFO [main] org.apache.catalina.startup.VersionLoggerListener.log 명령 행 아규먼트:  --add-opens=java.base/java.util=ALL-UNNAMED
07-Sep-2023 01:14:33.775 INFO [main] org.apache.catalina.startup.VersionLoggerListener.log 명령 행 아규먼트:  --add-opens=java.base/java.util.concurrent=ALL-UNNAMED
07-Sep-2023 01:14:33.775 INFO [main] org.apache.catalina.startup.VersionLoggerListener.log 명령 행 아규먼트:  --add-opens=java.rmi/sun.rmi.transport=ALL-UNNAMED
07-Sep-2023 01:14:33.776 INFO [main] org.apache.catalina.startup.VersionLoggerListener.log 명령 행 아규먼트:  -Djava.util.logging.config.file=/Users/chaebin/IdeaProjects/study/Spring-Web/src/tomcat/conf/logging.properties
07-Sep-2023 01:14:33.776 INFO [main] org.apache.catalina.startup.VersionLoggerListener.log 명령 행 아규먼트:  -Djava.util.logging.manager=org.apache.juli.ClassLoaderLogManager
07-Sep-2023 01:14:33.776 INFO [main] org.apache.catalina.startup.VersionLoggerListener.log 명령 행 아규먼트:  -Djdk.tls.ephemeralDHKeySize=2048
07-Sep-2023 01:14:33.776 INFO [main] org.apache.catalina.startup.VersionLoggerListener.log 명령 행 아규먼트:  -Djava.protocol.handler.pkgs=org.apache.catalina.webresources
07-Sep-2023 01:14:33.776 INFO [main] org.apache.catalina.startup.VersionLoggerListener.log 명령 행 아규먼트:  -Dorg.apache.catalina.security.SecurityListener.UMASK=0027
07-Sep-2023 01:14:33.776 INFO [main] org.apache.catalina.startup.VersionLoggerListener.log 명령 행 아규먼트:  -Dignore.endorsed.dirs=
07-Sep-2023 01:14:33.776 INFO [main] org.apache.catalina.startup.VersionLoggerListener.log 명령 행 아규먼트:  -Dcatalina.base=/Users/chaebin/IdeaProjects/study/Spring-Web/src/tomcat
07-Sep-2023 01:14:33.776 INFO [main] org.apache.catalina.startup.VersionLoggerListener.log 명령 행 아규먼트:  -Dcatalina.home=/Users/chaebin/IdeaProjects/study/Spring-Web/src/tomcat
07-Sep-2023 01:14:33.776 INFO [main] org.apache.catalina.startup.VersionLoggerListener.log 명령 행 아규먼트:  -Djava.io.tmpdir=/Users/chaebin/IdeaProjects/study/Spring-Web/src/tomcat/temp
07-Sep-2023 01:14:33.782 INFO [main] org.apache.catalina.core.AprLifecycleListener.lifecycleEvent 프로덕션 환경들에서 최적의 성능을 제공하는, APR 기반 Apache Tomcat Native 라이브러리가, 다음 java.library.path에서 발견되지 않습니다: [/Users/chaebin/Library/Java/Extensions:/Library/Java/Extensions:/Network/Library/Java/Extensions:/System/Library/Java/Extensions:/usr/lib/java:.]
07-Sep-2023 01:14:33.993 INFO [main] org.apache.coyote.AbstractProtocol.init 프로토콜 핸들러 ["http-nio-8080"]을(를) 초기화합니다.
07-Sep-2023 01:14:34.021 INFO [main] org.apache.catalina.startup.Catalina.load [419] 밀리초 내에 서버가 초기화되었습니다.
07-Sep-2023 01:14:34.051 INFO [main] org.apache.catalina.core.StandardService.startInternal 서비스 [Catalina]을(를) 시작합니다.
07-Sep-2023 01:14:34.051 INFO [main] org.apache.catalina.core.StandardEngine.startInternal 서버 엔진을 시작합니다: [Apache Tomcat/9.0.79]
07-Sep-2023 01:14:34.056 INFO [main] org.apache.catalina.startup.HostConfig.deployDirectory 웹 애플리케이션 디렉토리 [/Users/chaebin/IdeaProjects/study/Spring-Web/src/tomcat/webapps/docs]을(를) 배치합니다.
07-Sep-2023 01:14:34.252 INFO [main] org.apache.catalina.startup.HostConfig.deployDirectory 웹 애플리케이션 디렉토리 [/Users/chaebin/IdeaProjects/study/Spring-Web/src/tomcat/webapps/docs]에 대한 배치가 [194] 밀리초에 완료되었습니다.
07-Sep-2023 01:14:34.252 INFO [main] org.apache.catalina.startup.HostConfig.deployDirectory 웹 애플리케이션 디렉토리 [/Users/chaebin/IdeaProjects/study/Spring-Web/src/tomcat/webapps/manager]을(를) 배치합니다.
07-Sep-2023 01:14:34.278 INFO [main] org.apache.catalina.startup.HostConfig.deployDirectory 웹 애플리케이션 디렉토리 [/Users/chaebin/IdeaProjects/study/Spring-Web/src/tomcat/webapps/manager]에 대한 배치가 [26] 밀리초에 완료되었습니다.
07-Sep-2023 01:14:34.278 INFO [main] org.apache.catalina.startup.HostConfig.deployDirectory 웹 애플리케이션 디렉토리 [/Users/chaebin/IdeaProjects/study/Spring-Web/src/tomcat/webapps/examples]을(를) 배치합니다.
07-Sep-2023 01:14:34.437 INFO [main] org.apache.catalina.startup.HostConfig.deployDirectory 웹 애플리케이션 디렉토리 [/Users/chaebin/IdeaProjects/study/Spring-Web/src/tomcat/webapps/examples]에 대한 배치가 [159] 밀리초에 완료되었습니다.
07-Sep-2023 01:14:34.437 INFO [main] org.apache.catalina.startup.HostConfig.deployDirectory 웹 애플리케이션 디렉토리 [/Users/chaebin/IdeaProjects/study/Spring-Web/src/tomcat/webapps/ROOT]을(를) 배치합니다.
07-Sep-2023 01:14:34.449 INFO [main] org.apache.catalina.startup.HostConfig.deployDirectory 웹 애플리케이션 디렉토리 [/Users/chaebin/IdeaProjects/study/Spring-Web/src/tomcat/webapps/ROOT]에 대한 배치가 [11] 밀리초에 완료되었습니다.
07-Sep-2023 01:14:34.449 INFO [main] org.apache.catalina.startup.HostConfig.deployDirectory 웹 애플리케이션 디렉토리 [/Users/chaebin/IdeaProjects/study/Spring-Web/src/tomcat/webapps/host-manager]을(를) 배치합니다.
07-Sep-2023 01:14:34.464 INFO [main] org.apache.catalina.startup.HostConfig.deployDirectory 웹 애플리케이션 디렉토리 [/Users/chaebin/IdeaProjects/study/Spring-Web/src/tomcat/webapps/host-manager]에 대한 배치가 [15] 밀리초에 완료되었습니다.
07-Sep-2023 01:14:34.466 INFO [main] org.apache.coyote.AbstractProtocol.start 프로토콜 핸들러 ["http-nio-8080"]을(를) 시작합니다.
07-Sep-2023 01:14:34.476 INFO [main] org.apache.catalina.startup.Catalina.start 서버가 [453] 밀리초 내에 시작되었습니다.
